<?xml version="1.0" encoding="UTF-8"?>
<testng-results skipped="0" failed="0" ignored="0" total="1" passed="1">
  <reporter-output>
  </reporter-output>
  <suite name="Default suite" duration-ms="5695" started-at="2023-02-19T17:36:25 GMT" finished-at="2023-02-19T17:36:31 GMT">
    <groups>
    </groups>
    <test name="Default test" duration-ms="5695" started-at="2023-02-19T17:36:25 GMT" finished-at="2023-02-19T17:36:31 GMT">
      <class name="test.LoginPageTest">
        <test-method status="PASS" signature="validUserShouldLogin()[pri:0, instance:test.LoginPageTest@4b1c1ea0]" name="validUserShouldLogin" duration-ms="5626" started-at="2023-02-19T17:36:25 GMT" finished-at="2023-02-19T17:36:31 GMT">
          <reporter-output>
          </reporter-output>
        </test-method> <!-- validUserShouldLogin -->
      </class> <!-- test.LoginPageTest -->
    </test> <!-- Default test -->
  </suite> <!-- Default suite -->
</testng-results>
