<?xml version="1.0" encoding="UTF-8"?>
<testng-results skipped="0" failed="0" ignored="0" total="1" passed="1">
  <reporter-output>
  </reporter-output>
  <suite name="Default suite" duration-ms="8621" started-at="2023-03-28T18:46:22 BST" finished-at="2023-03-28T18:46:30 BST">
    <groups>
    </groups>
    <test name="Default test" duration-ms="8621" started-at="2023-03-28T18:46:22 BST" finished-at="2023-03-28T18:46:30 BST">
      <class name="test.LoginPageTest">
        <test-method status="PASS" signature="validUserShouldBeLogin()[pri:0, instance:test.LoginPageTest@1f57539]" name="validUserShouldBeLogin" duration-ms="8543" started-at="2023-03-28T18:46:22 BST" finished-at="2023-03-28T18:46:30 BST">
          <reporter-output>
          </reporter-output>
        </test-method> <!-- validUserShouldBeLogin -->
      </class> <!-- test.LoginPageTest -->
    </test> <!-- Default test -->
  </suite> <!-- Default suite -->
</testng-results>
